<?xml version="1.0" encoding="UTF-8"?>
<testng-results skipped="0" failed="1" ignored="0" total="2" passed="1">
  <reporter-output>
    <line>
      <![CDATA[Browser is opened successfully]]>
    </line>
    <line>
      <![CDATA[LoginPage is Displayed successfully]]>
    </line>
    <line>
      <![CDATA[App Launcher popup is displayed successfully]]>
    </line>
    <line>
      <![CDATA[Leads page is displayed successfully]]>
    </line>
    <line>
      <![CDATA[new Leads popup is displayed successfully]]>
    </line>
    <line>
      <![CDATA[Leads account is created successfully]]>
    </line>
    <line>
      <![CDATA[all the inputs are matched successfully]]>
    </line>
    <line>
      <![CDATA[Logout of the application is done successfully]]>
    </line>
    <line>
      <![CDATA[browser is closed successfully]]>
    </line>
    <line>
      <![CDATA[Browser is opened successfully]]>
    </line>
    <line>
      <![CDATA[LoginPage is Displayed successfully]]>
    </line>
    <line>
      <![CDATA[App Launcher popup is displayed successfully]]>
    </line>
    <line>
      <![CDATA[Leads page is displayed successfully]]>
    </line>
    <line>
      <![CDATA[new Leads popup is displayed successfully]]>
    </line>
    <line>
      <![CDATA[Logout of the application is done successfully]]>
    </line>
    <line>
      <![CDATA[browser is closed successfully]]>
    </line>
  </reporter-output>
  <suite name="Suite" duration-ms="95231" started-at="2021-07-26T12:30:42Z" finished-at="2021-07-26T12:32:17Z">
    <groups>
    </groups>
    <test name="Test" duration-ms="95231" started-at="2021-07-26T12:30:42Z" finished-at="2021-07-26T12:32:17Z">
      <class name="testscripts.TC_01Test">
        <test-method status="PASS" signature="openBrowser(java.lang.String)[pri:0, instance:testscripts.TC_01Test@6fd02e5]" name="openBrowser" is-config="true" duration-ms="1553" started-at="2021-07-26T12:30:42Z" finished-at="2021-07-26T12:30:44Z">
          <params>
            <param index="0">
              <value>
                <![CDATA[chrome]]>
              </value>
            </param>
          </params>
          <reporter-output>
            <line>
              <![CDATA[Browser is opened successfully]]>
            </line>
          </reporter-output>
        </test-method> <!-- openBrowser -->
        <test-method status="PASS" signature="login()[pri:0, instance:testscripts.TC_01Test@6fd02e5]" name="login" is-config="true" duration-ms="30046" started-at="2021-07-26T12:30:44Z" finished-at="2021-07-26T12:31:14Z">
          <reporter-output>
            <line>
              <![CDATA[LoginPage is Displayed successfully]]>
            </line>
          </reporter-output>
        </test-method> <!-- login -->
        <test-method status="PASS" signature="testCase01()[pri:0, instance:testscripts.TC_01Test@6fd02e5]" name="testCase01" duration-ms="16281" started-at="2021-07-26T12:31:14Z" finished-at="2021-07-26T12:31:30Z">
          <reporter-output>
            <line>
              <![CDATA[App Launcher popup is displayed successfully]]>
            </line>
            <line>
              <![CDATA[Leads page is displayed successfully]]>
            </line>
            <line>
              <![CDATA[new Leads popup is displayed successfully]]>
            </line>
            <line>
              <![CDATA[Leads account is created successfully]]>
            </line>
            <line>
              <![CDATA[all the inputs are matched successfully]]>
            </line>
          </reporter-output>
        </test-method> <!-- testCase01 -->
        <test-method status="PASS" signature="logout()[pri:0, instance:testscripts.TC_01Test@6fd02e5]" name="logout" is-config="true" duration-ms="607" started-at="2021-07-26T12:31:30Z" finished-at="2021-07-26T12:31:31Z">
          <reporter-output>
            <line>
              <![CDATA[Logout of the application is done successfully]]>
            </line>
          </reporter-output>
        </test-method> <!-- logout -->
        <test-method status="PASS" signature="closeBrowser()[pri:0, instance:testscripts.TC_01Test@6fd02e5]" name="closeBrowser" is-config="true" duration-ms="221" started-at="2021-07-26T12:31:31Z" finished-at="2021-07-26T12:31:31Z">
          <reporter-output>
            <line>
              <![CDATA[browser is closed successfully]]>
            </line>
          </reporter-output>
        </test-method> <!-- closeBrowser -->
      </class> <!-- testscripts.TC_01Test -->
      <class name="testscripts.TC_02Test">
        <test-method status="PASS" signature="openBrowser(java.lang.String)[pri:0, instance:testscripts.TC_02Test@5bcab519]" name="openBrowser" is-config="true" duration-ms="542" started-at="2021-07-26T12:31:31Z" finished-at="2021-07-26T12:31:31Z">
          <params>
            <param index="0">
              <value>
                <![CDATA[chrome]]>
              </value>
            </param>
          </params>
          <reporter-output>
            <line>
              <![CDATA[Browser is opened successfully]]>
            </line>
          </reporter-output>
        </test-method> <!-- openBrowser -->
        <test-method status="PASS" signature="login()[pri:0, instance:testscripts.TC_02Test@5bcab519]" name="login" is-config="true" duration-ms="28827" started-at="2021-07-26T12:31:31Z" finished-at="2021-07-26T12:32:00Z">
          <reporter-output>
            <line>
              <![CDATA[LoginPage is Displayed successfully]]>
            </line>
          </reporter-output>
        </test-method> <!-- login -->
        <test-method status="FAIL" signature="Scenario_02()[pri:1, instance:testscripts.TC_02Test@5bcab519]" name="Scenario_02" duration-ms="16261" started-at="2021-07-26T12:32:00Z" finished-at="2021-07-26T12:32:16Z">
          <exception class="java.lang.AssertionError">
            <message>
              <![CDATA[expected [Recently Viewed | Leads | Salesforce] but found [New Lead | Salesforce]]]>
            </message>
            <full-stacktrace>
              <![CDATA[java.lang.AssertionError: expected [Recently Viewed | Leads | Salesforce] but found [New Lead | Salesforce]
at org.testng.Assert.fail(Assert.java:96)
at org.testng.Assert.failNotEquals(Assert.java:776)
at org.testng.Assert.assertEqualsImpl(Assert.java:137)
at org.testng.Assert.assertEquals(Assert.java:118)
at org.testng.Assert.assertEquals(Assert.java:453)
at org.testng.Assert.assertEquals(Assert.java:463)
at testscripts.TC_02Test.Scenario_02(TC_02Test.java:24)
at sun.reflect.NativeMethodAccessorImpl.invoke0(Native Method)
at sun.reflect.NativeMethodAccessorImpl.invoke(NativeMethodAccessorImpl.java:62)
at sun.reflect.DelegatingMethodAccessorImpl.invoke(DelegatingMethodAccessorImpl.java:43)
at java.lang.reflect.Method.invoke(Method.java:498)
at org.testng.internal.MethodInvocationHelper.invokeMethod(MethodInvocationHelper.java:124)
at org.testng.internal.Invoker.invokeMethod(Invoker.java:583)
at org.testng.internal.Invoker.invokeTestMethod(Invoker.java:719)
at org.testng.internal.Invoker.invokeTestMethods(Invoker.java:989)
at org.testng.internal.TestMethodWorker.invokeTestMethods(TestMethodWorker.java:125)
at org.testng.internal.TestMethodWorker.run(TestMethodWorker.java:109)
at org.testng.TestRunner.privateRun(TestRunner.java:648)
at org.testng.TestRunner.run(TestRunner.java:505)
at org.testng.SuiteRunner.runTest(SuiteRunner.java:455)
at org.testng.SuiteRunner.runSequentially(SuiteRunner.java:450)
at org.testng.SuiteRunner.privateRun(SuiteRunner.java:415)
at org.testng.SuiteRunner.run(SuiteRunner.java:364)
at org.testng.SuiteRunnerWorker.runSuite(SuiteRunnerWorker.java:52)
at org.testng.SuiteRunnerWorker.run(SuiteRunnerWorker.java:84)
at org.testng.TestNG.runSuitesSequentially(TestNG.java:1208)
at org.testng.TestNG.runSuitesLocally(TestNG.java:1137)
at org.testng.TestNG.runSuites(TestNG.java:1049)
at org.testng.TestNG.run(TestNG.java:1017)
at org.testng.remote.AbstractRemoteTestNG.run(AbstractRemoteTestNG.java:114)
at org.testng.remote.RemoteTestNG.initAndRun(RemoteTestNG.java:251)
at org.testng.remote.RemoteTestNG.main(RemoteTestNG.java:77)
]]>
            </full-stacktrace>
          </exception> <!-- java.lang.AssertionError -->
          <reporter-output>
            <line>
              <![CDATA[App Launcher popup is displayed successfully]]>
            </line>
            <line>
              <![CDATA[Leads page is displayed successfully]]>
            </line>
            <line>
              <![CDATA[new Leads popup is displayed successfully]]>
            </line>
          </reporter-output>
        </test-method> <!-- Scenario_02 -->
        <test-method status="PASS" signature="logout()[pri:0, instance:testscripts.TC_02Test@5bcab519]" name="logout" is-config="true" duration-ms="434" started-at="2021-07-26T12:32:17Z" finished-at="2021-07-26T12:32:17Z">
          <reporter-output>
            <line>
              <![CDATA[Logout of the application is done successfully]]>
            </line>
          </reporter-output>
        </test-method> <!-- logout -->
        <test-method status="PASS" signature="closeBrowser()[pri:0, instance:testscripts.TC_02Test@5bcab519]" name="closeBrowser" is-config="true" duration-ms="220" started-at="2021-07-26T12:32:17Z" finished-at="2021-07-26T12:32:17Z">
          <reporter-output>
            <line>
              <![CDATA[browser is closed successfully]]>
            </line>
          </reporter-output>
        </test-method> <!-- closeBrowser -->
      </class> <!-- testscripts.TC_02Test -->
    </test> <!-- Test -->
  </suite> <!-- Suite -->
</testng-results>
